<project xmlns="http://maven.apache.org/POM/4.0.0" xmlns:xsi="http://www.w3.org/2001/XMLSchema-instance"
  xsi:schemaLocation="http://maven.apache.org/POM/4.0.0 http://maven.apache.org/xsd/maven-4.0.0.xsd">
  <modelVersion>4.0.0</modelVersion>
  <groupId>ch.sferstl.maven.pom.enforcer</groupId>
  <artifactId>enforcer-rules-it</artifactId>
  <version>1.0-SNAPSHOT</version>

  <modules>
    <module>module1</module>
    <module>module2</module>
  </modules>

  <dependencies>
    <dependency>
      <groupId>com.googlecode.lambdaj</groupId>
      <artifactId>lambdaj</artifactId>
      <version>2.3.3</version>
    </dependency>
    <dependency>
      <groupId>commons-foo</groupId>
      <artifactId>commons-lang</artifactId>
      <version>2.9</version>
    </dependency>
    <dependency>
      <groupId>commons-lang</groupId>
      <artifactId>commons-lang</artifactId>
      <version>2.6</version>
    </dependency>
    <dependency>
      <groupId>org.hamcrest</groupId>
      <artifactId>hamcrest-library</artifactId>
      <version>1.2.1</version>
      <scope>test</scope>
    </dependency>
    <dependency>
      <groupId>commons-codec</groupId>
      <artifactId>commons-codec</artifactId>
      <version>1.6</version>
      <scope>test</scope>
      <exclusions>
        <exclusion>
          <groupId>commons-logging</groupId>
          <artifactId>commons-logging</artifactId>
        </exclusion>
      </exclusions>
    </dependency>
    <dependency>
      <groupId>junit</groupId>
      <artifactId>junit</artifactId>
      <version>4.10</version>
      <scope>test</scope>
    </dependency>
  </dependencies>

</project>